<?xml version="1.0" encoding="UTF-8"?>
<!-- Generated by org.testng.reporters.JUnitReportReporter -->
<testsuite hostname="thinkcube-lap" name="configurations_Userconfigurations.Edit_User" tests="1" failures="0" timestamp="17 Nov 2017 10:35:49 GMT" time="36.910" errors="0">
  <testcase name="test" time="36.910" classname="configurations_Userconfigurations.Edit_User"/>
</testsuite> <!-- configurations_Userconfigurations.Edit_User -->
