<?xml version="1.0" encoding="UTF-8"?>
<!-- Generated by org.testng.reporters.JUnitReportReporter -->
<testsuite hostname="thinkcube-lap" name="AuctionSale.Consignment" tests="1" failures="0" timestamp="18 Jan 2018 08:08:20 GMT" time="38.006" errors="0">
  <testcase name="test" time="38.006" classname="AuctionSale.Consignment"/>
</testsuite> <!-- AuctionSale.Consignment -->
