<?xml version="1.0" encoding="UTF-8"?>
<!-- Generated by org.testng.reporters.JUnitReportReporter -->
<testsuite hostname="thinkcube-lap" name="Admin_Dash.ViewProfile" tests="1" failures="0" timestamp="18 Jan 2018 08:07:24 GMT" time="45.781" errors="0">
  <testcase name="test" time="45.781" classname="Admin_Dash.ViewProfile"/>
</testsuite> <!-- Admin_Dash.ViewProfile -->
