<?xml version="1.0" encoding="UTF-8"?>
<!-- Generated by org.testng.reporters.JUnitReportReporter -->
<testsuite hostname="thinkcube-lap" name="Configurations.AddNewRole" tests="1" failures="0" timestamp="17 Nov 2017 10:48:17 GMT" time="25.417" errors="0">
  <testcase name="test" time="25.417" classname="Configurations.AddNewRole"/>
</testsuite> <!-- Configurations.AddNewRole -->
