<?xml version="1.0" encoding="UTF-8"?>
<!-- Generated by org.testng.reporters.JUnitReportReporter -->
<testsuite hostname="thinkcube-lap" name="configurations_Userconfigurations.Add_New_State" tests="1" failures="0" timestamp="17 Nov 2017 10:44:02 GMT" time="39.724" errors="0">
  <testcase name="test" time="39.724" classname="configurations_Userconfigurations.Add_New_State"/>
</testsuite> <!-- configurations_Userconfigurations.Add_New_State -->
