<?xml version="1.0" encoding="UTF-8"?>
<!-- Generated by org.testng.reporters.JUnitReportReporter -->
<testsuite hostname="thinkcube-lap" name="UserManagement.AuctionandSale" tests="1" failures="0" timestamp="28 Sep 2017 08:06:07 GMT" time="92.298" errors="0">
  <testcase name="test" time="92.298" classname="UserManagement.AuctionandSale"/>
</testsuite> <!-- UserManagement.AuctionandSale -->
