<?xml version="1.0" encoding="UTF-8"?>
<!-- Generated by org.testng.reporters.JUnitReportReporter -->
<testsuite hostname="thinkcube-lap" name="RelationshipManagement.AddNewPerson" tests="1" failures="0" timestamp="17 Nov 2017 10:53:50 GMT" time="51.495" errors="0">
  <testcase name="test" time="51.495" classname="RelationshipManagement.AddNewPerson"/>
</testsuite> <!-- RelationshipManagement.AddNewPerson -->
