<?xml version="1.0" encoding="UTF-8"?>
<!-- Generated by org.testng.reporters.JUnitReportReporter -->
<testsuite hostname="thinkcube-lap" name="configurations_Userconfigurations.Edit_Country" tests="1" failures="0" timestamp="17 Nov 2017 10:42:59 GMT" time="31.027" errors="0">
  <testcase name="test" time="31.027" classname="configurations_Userconfigurations.Edit_Country"/>
</testsuite> <!-- configurations_Userconfigurations.Edit_Country -->
