<?xml version="1.0" encoding="UTF-8"?>
<!-- Generated by org.testng.reporters.JUnitReportReporter -->
<testsuite hostname="thinkcube-lap" name="AuctionSale.AddAuctionandSale" tests="1" failures="0" timestamp="18 Jan 2018 08:10:07 GMT" time="74.959" errors="0">
  <testcase name="test" time="74.959" classname="AuctionSale.AddAuctionandSale"/>
</testsuite> <!-- AuctionSale.AddAuctionandSale -->
