<?xml version="1.0" encoding="UTF-8"?>
<!-- Generated by org.testng.reporters.JUnitReportReporter -->
<testsuite hostname="thinkcube-lap" name="configurations_Userconfigurations.AddNewRole" tests="1" failures="0" timestamp="14 Nov 2017 05:53:51 GMT" time="52.350" errors="0">
  <testcase name="test" time="52.350" classname="configurations_Userconfigurations.AddNewRole"/>
</testsuite> <!-- configurations_Userconfigurations.AddNewRole -->
