<?xml version="1.0" encoding="UTF-8"?>
<!-- Generated by org.testng.reporters.JUnitReportReporter -->
<testsuite hostname="thinkcube-lap" name="RelationshipManagement.AddNewBusiness" tests="1" failures="0" timestamp="17 Nov 2017 10:52:46 GMT" time="63.962" errors="0">
  <testcase name="test" time="63.962" classname="RelationshipManagement.AddNewBusiness"/>
</testsuite> <!-- RelationshipManagement.AddNewBusiness -->
