<?xml version="1.0" encoding="UTF-8"?>
<!-- Generated by org.testng.reporters.JUnitReportReporter -->
<testsuite hostname="thinkcube-lap" name="configurations_Userconfigurations.Add_Auction_Location" tests="1" failures="0" timestamp="17 Nov 2017 10:46:53 GMT" time="41.838" errors="0">
  <testcase name="test" time="41.838" classname="configurations_Userconfigurations.Add_Auction_Location"/>
</testsuite> <!-- configurations_Userconfigurations.Add_Auction_Location -->
