<?xml version="1.0" encoding="UTF-8"?>
<!-- Generated by org.testng.reporters.JUnitReportReporter -->
<testsuite hostname="thinkcube-lap" name="Configurations.ChangePassword" tests="1" failures="0" timestamp="17 Nov 2017 10:48:57 GMT" time="26.131" errors="0">
  <testcase name="test" time="26.131" classname="Configurations.ChangePassword"/>
</testsuite> <!-- Configurations.ChangePassword -->
