<?xml version="1.0" encoding="UTF-8"?>
<!-- Generated by org.testng.reporters.JUnitReportReporter -->
<testsuite hostname="thinkcube-lap" name="configurations_Userconfigurations.ChangePassword" tests="1" failures="0" timestamp="13 Nov 2017 11:34:05 GMT" time="30.829" errors="0">
  <testcase name="test" time="30.829" classname="configurations_Userconfigurations.ChangePassword"/>
</testsuite> <!-- configurations_Userconfigurations.ChangePassword -->
